  GameScreenLevel2.cpp
D:\Users\phong.dx\Documents\GitHub\GEC-Semester-2\MarioBaseProject\Character.h(24,88): warning C4244: 'argument': conversion from 'int' to 'float', possible loss of data
D:\Users\phong.dx\Documents\GitHub\GEC-Semester-2\MarioBaseProject\Character.h(24,64): warning C4244: 'argument': conversion from 'int' to 'float', possible loss of data
D:\Users\phong.dx\Documents\GitHub\GEC-Semester-2\MarioBaseProject\PowBlock.h(14,93): warning C4244: 'argument': conversion from 'int' to 'float', possible loss of data
D:\Users\phong.dx\Documents\GitHub\GEC-Semester-2\MarioBaseProject\GameScreenLevel2.cpp(41,20): warning C4018: '<': signed/unsigned mismatch
D:\Users\phong.dx\Documents\GitHub\GEC-Semester-2\MarioBaseProject\GameScreenLevel2.cpp(95,12): warning C4244: 'argument': conversion from 'time_t' to 'unsigned int', possible loss of data
D:\Users\phong.dx\Documents\GitHub\GEC-Semester-2\MarioBaseProject\GameScreenLevel2.cpp(234,18): warning C4244: 'initializing': conversion from 'double' to 'float', possible loss of data
D:\Users\phong.dx\Documents\GitHub\GEC-Semester-2\MarioBaseProject\GameScreenLevel2.cpp(235,12): warning C4244: 'initializing': conversion from 'float' to 'int', possible loss of data
D:\Users\phong.dx\Documents\GitHub\GEC-Semester-2\MarioBaseProject\GameScreenLevel2.cpp(236,12): warning C4244: 'initializing': conversion from 'float' to 'int', possible loss of data
  GameScreenManager.cpp
D:\Users\phong.dx\Documents\GitHub\GEC-Semester-2\MarioBaseProject\Character.h(24,88): warning C4244: 'argument': conversion from 'int' to 'float', possible loss of data
D:\Users\phong.dx\Documents\GitHub\GEC-Semester-2\MarioBaseProject\Character.h(24,64): warning C4244: 'argument': conversion from 'int' to 'float', possible loss of data
  Generating Code...
  MarioBaseProject.vcxproj -> D:\Users\phong.dx\Documents\GitHub\GEC-Semester-2\Debug\MarioBaseProject.exe
  D:\Users\phong.dx\Documents\GitHub\GEC-Semester-2\MarioBaseProject\SDL2\DLL\libFLAC-8.dll
  D:\Users\phong.dx\Documents\GitHub\GEC-Semester-2\MarioBaseProject\SDL2\DLL\libjpeg-9.dll
  D:\Users\phong.dx\Documents\GitHub\GEC-Semester-2\MarioBaseProject\SDL2\DLL\libmodplug-1.dll
  D:\Users\phong.dx\Documents\GitHub\GEC-Semester-2\MarioBaseProject\SDL2\DLL\libmpg123-0.dll
  D:\Users\phong.dx\Documents\GitHub\GEC-Semester-2\MarioBaseProject\SDL2\DLL\libogg-0.dll
  D:\Users\phong.dx\Documents\GitHub\GEC-Semester-2\MarioBaseProject\SDL2\DLL\libopus-0.dll
  D:\Users\phong.dx\Documents\GitHub\GEC-Semester-2\MarioBaseProject\SDL2\DLL\libopusfile-0.dll
  D:\Users\phong.dx\Documents\GitHub\GEC-Semester-2\MarioBaseProject\SDL2\DLL\libpng16-16.dll
  D:\Users\phong.dx\Documents\GitHub\GEC-Semester-2\MarioBaseProject\SDL2\DLL\libtiff-5.dll
  D:\Users\phong.dx\Documents\GitHub\GEC-Semester-2\MarioBaseProject\SDL2\DLL\libvorbis-0.dll
  D:\Users\phong.dx\Documents\GitHub\GEC-Semester-2\MarioBaseProject\SDL2\DLL\libvorbisfile-3.dll
  D:\Users\phong.dx\Documents\GitHub\GEC-Semester-2\MarioBaseProject\SDL2\DLL\libwebp-7.dll
  D:\Users\phong.dx\Documents\GitHub\GEC-Semester-2\MarioBaseProject\SDL2\DLL\SDL2.dll
  D:\Users\phong.dx\Documents\GitHub\GEC-Semester-2\MarioBaseProject\SDL2\DLL\SDL2_image.dll
  D:\Users\phong.dx\Documents\GitHub\GEC-Semester-2\MarioBaseProject\SDL2\DLL\SDL2_mixer.dll
  D:\Users\phong.dx\Documents\GitHub\GEC-Semester-2\MarioBaseProject\SDL2\DLL\zlib1.dll
  16 File(s) copied
